<?xml version="1.0" encoding="UTF-8" ?>
<testsuite tests="50" failures="0" name="http_request.RequestTest" time="0.009" errors="0" skipped="0">
  <properties>
    <property name="java.runtime.name" value="Java(TM) SE Runtime Environment"/>
    <property name="sun.boot.library.path" value="/Library/Java/JavaVirtualMachines/jdk1.8.0_102.jdk/Contents/Home/jre/lib"/>
    <property name="java.vm.version" value="25.102-b14"/>
    <property name="gopherProxySet" value="false"/>
    <property name="java.vm.vendor" value="Oracle Corporation"/>
    <property name="maven.multiModuleProjectDirectory" value="/Users/cyrus/IdeaProjects/JavaServer"/>
    <property name="java.vendor.url" value="http://java.oracle.com/"/>
    <property name="path.separator" value=":"/>
    <property name="guice.disable.misplaced.annotation.check" value="true"/>
    <property name="java.vm.name" value="Java HotSpot(TM) 64-Bit Server VM"/>
    <property name="file.encoding.pkg" value="sun.io"/>
    <property name="user.country" value="US"/>
    <property name="sun.java.launcher" value="SUN_STANDARD"/>
    <property name="sun.os.patch.level" value="unknown"/>
    <property name="java.vm.specification.name" value="Java Virtual Machine Specification"/>
    <property name="user.dir" value="/Users/cyrus/IdeaProjects/JavaServer"/>
    <property name="java.runtime.version" value="1.8.0_102-b14"/>
    <property name="java.awt.graphicsenv" value="sun.awt.CGraphicsEnvironment"/>
    <property name="java.endorsed.dirs" value="/Library/Java/JavaVirtualMachines/jdk1.8.0_102.jdk/Contents/Home/jre/lib/endorsed"/>
    <property name="os.arch" value="x86_64"/>
    <property name="java.io.tmpdir" value="/var/folders/nk/nc10nw554sj8wbsk2g6y5w5m0000gn/T/"/>
    <property name="line.separator" value="
"/>
    <property name="java.vm.specification.vendor" value="Oracle Corporation"/>
    <property name="os.name" value="Mac OS X"/>
    <property name="classworlds.conf" value="/Users/cyrus/apache-maven-3.3.9/bin/m2.conf"/>
    <property name="sun.jnu.encoding" value="UTF-8"/>
    <property name="java.library.path" value="/Users/cyrus/Library/Java/Extensions:/Library/Java/Extensions:/Network/Library/Java/Extensions:/System/Library/Java/Extensions:/usr/lib/java:."/>
    <property name="java.specification.name" value="Java Platform API Specification"/>
    <property name="java.class.version" value="52.0"/>
    <property name="sun.management.compiler" value="HotSpot 64-Bit Tiered Compilers"/>
    <property name="os.version" value="10.12.1"/>
    <property name="http.nonProxyHosts" value="local|*.local|169.254/16|*.169.254/16"/>
    <property name="user.home" value="/Users/cyrus"/>
    <property name="user.timezone" value="America/Chicago"/>
    <property name="java.awt.printerjob" value="sun.lwawt.macosx.CPrinterJob"/>
    <property name="java.specification.version" value="1.8"/>
    <property name="file.encoding" value="UTF-8"/>
    <property name="user.name" value="cyrus"/>
    <property name="java.class.path" value="/Users/cyrus/apache-maven-3.3.9/boot/plexus-classworlds-2.5.2.jar"/>
    <property name="java.vm.specification.version" value="1.8"/>
    <property name="sun.arch.data.model" value="64"/>
    <property name="java.home" value="/Library/Java/JavaVirtualMachines/jdk1.8.0_102.jdk/Contents/Home/jre"/>
    <property name="sun.java.command" value="org.codehaus.plexus.classworlds.launcher.Launcher package"/>
    <property name="java.specification.vendor" value="Oracle Corporation"/>
    <property name="user.language" value="en"/>
    <property name="awt.toolkit" value="sun.lwawt.macosx.LWCToolkit"/>
    <property name="java.vm.info" value="mixed mode"/>
    <property name="java.version" value="1.8.0_102"/>
    <property name="java.ext.dirs" value="/Users/cyrus/Library/Java/Extensions:/Library/Java/JavaVirtualMachines/jdk1.8.0_102.jdk/Contents/Home/jre/lib/ext:/Library/Java/Extensions:/Network/Library/Java/Extensions:/System/Library/Java/Extensions:/usr/lib/java"/>
    <property name="sun.boot.class.path" value="/Library/Java/JavaVirtualMachines/jdk1.8.0_102.jdk/Contents/Home/jre/lib/resources.jar:/Library/Java/JavaVirtualMachines/jdk1.8.0_102.jdk/Contents/Home/jre/lib/rt.jar:/Library/Java/JavaVirtualMachines/jdk1.8.0_102.jdk/Contents/Home/jre/lib/sunrsasign.jar:/Library/Java/JavaVirtualMachines/jdk1.8.0_102.jdk/Contents/Home/jre/lib/jsse.jar:/Library/Java/JavaVirtualMachines/jdk1.8.0_102.jdk/Contents/Home/jre/lib/jce.jar:/Library/Java/JavaVirtualMachines/jdk1.8.0_102.jdk/Contents/Home/jre/lib/charsets.jar:/Library/Java/JavaVirtualMachines/jdk1.8.0_102.jdk/Contents/Home/jre/lib/jfr.jar:/Library/Java/JavaVirtualMachines/jdk1.8.0_102.jdk/Contents/Home/jre/classes"/>
    <property name="java.vendor" value="Oracle Corporation"/>
    <property name="maven.home" value="/Users/cyrus/apache-maven-3.3.9"/>
    <property name="file.separator" value="/"/>
    <property name="java.vendor.url.bug" value="http://bugreport.sun.com/bugreport/"/>
    <property name="sun.cpu.endian" value="little"/>
    <property name="sun.io.unicode.encoding" value="UnicodeBig"/>
    <property name="socksNonProxyHosts" value="local|*.local|169.254/16|*.169.254/16"/>
    <property name="ftp.nonProxyHosts" value="local|*.local|169.254/16|*.169.254/16"/>
    <property name="sun.cpu.isalist" value=""/>
  </properties>
  <testcase classname="http_request.RequestTest" name="acceptCharsetIsEmptyIfThereIsNoInput" time="0"/>
  <testcase classname="http_request.RequestTest" name="cacheControlGivenForTutsPlusRequest" time="0"/>
  <testcase classname="http_request.RequestTest" name="cacheControlIsEmptyIfThereIsNoInput" time="0"/>
  <testcase classname="http_request.RequestTest" name="acceptIsGivenForShortGetRequest" time="0"/>
  <testcase classname="http_request.RequestTest" name="urlIsGivenForTutsPlusRequest" time="0"/>
  <testcase classname="http_request.RequestTest" name="userAgentIsEmptyIfThereIsNoInput" time="0"/>
  <testcase classname="http_request.RequestTest" name="cacheControlIsEmptyForShortGetRequest" time="0"/>
  <testcase classname="http_request.RequestTest" name="tutsPlusRequestReturnsFalseForBadRequest" time="0"/>
  <testcase classname="http_request.RequestTest" name="connectionIsEmptyForShortGetRequest" time="0"/>
  <testcase classname="http_request.RequestTest" name="putRequestsHaveAContentLength" time="0"/>
  <testcase classname="http_request.RequestTest" name="keepAliveIsEmptyForShortGetRequest" time="0.001"/>
  <testcase classname="http_request.RequestTest" name="verbIsGetForShortGetRequests" time="0"/>
  <testcase classname="http_request.RequestTest" name="verbIsEmptyIfThereIsNoInput" time="0"/>
  <testcase classname="http_request.RequestTest" name="pragmaGivenForTutsPlusRequest" time="0"/>
  <testcase classname="http_request.RequestTest" name="getRequestsDoNotHaveAContentLength" time="0.001"/>
  <testcase classname="http_request.RequestTest" name="pragmaIsEmptyIfThereIsNoInput" time="0"/>
  <testcase classname="http_request.RequestTest" name="putRequestsHaveABody" time="0"/>
  <testcase classname="http_request.RequestTest" name="protocolIsGivenForTutsPlusRequest" time="0"/>
  <testcase classname="http_request.RequestTest" name="cookieGivenForTutsPlusRequest" time="0"/>
  <testcase classname="http_request.RequestTest" name="acceptLanguageGivenForTutsPlusRequest" time="0.001"/>
  <testcase classname="http_request.RequestTest" name="userAgentIsGivenForTutsPlusRequest" time="0"/>
  <testcase classname="http_request.RequestTest" name="hostIsGivenForTutsPlusRequest" time="0"/>
  <testcase classname="http_request.RequestTest" name="acceptEncodingGivenForTutsPlusRequest" time="0"/>
  <testcase classname="http_request.RequestTest" name="hostIsEmptyIfThereIsNoInput" time="0"/>
  <testcase classname="http_request.RequestTest" name="cookieIsEmptyIfThereIsNoInput" time="0"/>
  <testcase classname="http_request.RequestTest" name="acceptLanguageIsEmptyIfThereIsNoInput" time="0"/>
  <testcase classname="http_request.RequestTest" name="shortRequestReturnsFalseForBadRequest" time="0"/>
  <testcase classname="http_request.RequestTest" name="protocolIsEmptyIfThereIsNoInput" time="0.001"/>
  <testcase classname="http_request.RequestTest" name="connectionGivenForTutsPlusRequest" time="0"/>
  <testcase classname="http_request.RequestTest" name="acceptIsEmptyIfThereIsNoInput" time="0"/>
  <testcase classname="http_request.RequestTest" name="emptyRequestHasNoBody" time="0"/>
  <testcase classname="http_request.RequestTest" name="acceptEncodingIsEmptyIfThereIsNoInput" time="0.001"/>
  <testcase classname="http_request.RequestTest" name="connectionIsEmptyIfThereIsNoInput" time="0"/>
  <testcase classname="http_request.RequestTest" name="verbIsGetForTutsPlusRequest" time="0"/>
  <testcase classname="http_request.RequestTest" name="acceptEncodingIsEmptyForShortGetRequest" time="0"/>
  <testcase classname="http_request.RequestTest" name="acceptLanguageIsEmptyForShortGetRequest" time="0"/>
  <testcase classname="http_request.RequestTest" name="pragmaIsEmptyForShortGetRequest" time="0"/>
  <testcase classname="http_request.RequestTest" name="protocolIsGivenForShortGetRequest" time="0"/>
  <testcase classname="http_request.RequestTest" name="userAgentIsGivenForShortGetRequest" time="0"/>
  <testcase classname="http_request.RequestTest" name="hostIsGivenForShortGetRequest" time="0.001"/>
  <testcase classname="http_request.RequestTest" name="keepAliveGivenForTutsPlusRequest" time="0"/>
  <testcase classname="http_request.RequestTest" name="cookieIsEmptyForShortGetRequest" time="0"/>
  <testcase classname="http_request.RequestTest" name="emptyRequestCanBeSetAsABadRequest" time="0"/>
  <testcase classname="http_request.RequestTest" name="acceptIsGivenForTutsPlusRequest" time="0.001"/>
  <testcase classname="http_request.RequestTest" name="acceptCharsetIsEmptyForShortGetRequest" time="0"/>
  <testcase classname="http_request.RequestTest" name="keepAliveIsEmptyIfThereIsNoInput" time="0"/>
  <testcase classname="http_request.RequestTest" name="theVerbIsPutForAPutRequest" time="0"/>
  <testcase classname="http_request.RequestTest" name="acceptCharsetGivenForTutsPlusRequest" time="0.001"/>
  <testcase classname="http_request.RequestTest" name="urlIsEmptyIfThereIsNoInput" time="0.001"/>
  <testcase classname="http_request.RequestTest" name="urlIsGivenForShortGetRequests" time="0"/>
</testsuite>